$
$
yes
$
twzubqldnj
mjcrjfihwi
turostqdwa
$
no
$
nzuvaituek
$
vwfdukainw
lrzdgjmjsl
lxzddmjeja
jmrfkismlf
$
cfqnoymslz
gerltzgkcu
ywfqcfytsg
$
no
$
no
$
oymyphquoc
$
$
no
$
oymyphquoc
$
yxkpnriukn
ftllhssgca
hzsqemykdz
ruhpgibunv
$
vgexbkymth
guiiaofvph
$
no
$
acsznofylz
drylglfeib
mtadgdqbqq
ddtiavnthy
$
zdatfopvua
kuqdlylcmx
nzuvaituek
$
wepemsmcws
ocvnmdqixq
lrzdgjmjsl
$
no
$
wepemsmcws
rvcmwtsxtx
jzpiuekzfe
$
no
$
no
$
yjbhtxactv
zdatfopvua
kuqdlylcmx
iaubntvzzp
rlbjpvxznv
$
yes
$
adwhplqhve
jgjxkelkww
kqpyhyndtw
vqocxqwgge
$
yjwqcpjkur
yeeweyupsq
jgjxkelkww
kqpyhyndtw
$
fuxzqumavz
$
bumdopuvfg
ddtiavnthy
$
ciphuxppij
rueljspotm
rvcmwtsxtx
fdnerumsdo
$
no
$
yjwqcpjkur
ruhpgibunv
$
mngclfyvky
cdnlzqmwjm
$
dnmwvthqqy
jyydhefpqd
$
$
ftllhssgca
wepemsmcws
rvcmwtsxtx
kuqdlylcmx
$
no
$
vrzhozyrwn
turostqdwa
xpqxmixydb
unxkixbslb
vxbwvpgwov
$
no
$
ocvnmdqixq
uevoditsct
hnykrfjbxf
$
vqocxqwgge
$
no
$
no
$
$
mgqzxzgxmi
unxkixbslb
vsxwiqeosc
xunmzdmegh
$
$
no
$
zdatfopvua
$
wlbonolvdb
vsxwiqeosc
nzuvaituek
mtdtgdshzg
$
adwhplqhve
jgjxkelkww
rvcmwtsxtx
fdnerumsdo
eskvnwcmob
crxacpdxnx
$
$
no
$
no
$
khkxfoarmo
rueljspotm
lrzdgjmjsl
gsshopjnzv
$
jssumlgamd
$
guiiaofvph
ciphuxppij
$
yes
$
no
$
no
$
hnykrfjbxf
rvcmwtsxtx
$
$
no
$
no
$
$
yes
$
rvxsfwmipo
vsxwiqeosc
xunmzdmegh
$
dnmwvthqqy
guiiaofvph
jmrfkismlf
$
brzkwrokab
unxkixbslb
yjwqcpjkur
$
$
no
$
vgexbkymth
dnmwvthqqy
guiiaofvph
xagvwywqti
$
xfgemylyql
$
no
$
$
no
$
ocvnmdqixq
gadidqzclh
lxzddmjeja
$
bumdopuvfg
mrpkzleqgn
sapvroavrw
pxikvrbzjn
$
no
$
no
$
no
$
no
$
hweaztyvon
scnfopiced
wmegvilxsc
twzubqldnj
$
$
$
no
$
eqljpjmons
$
fnqqsquirm
$
no
$
$
no
$
mgpnbaaohq
$
no
$
$
jhypaovaqd
oymyphquoc
ocvnmdqixq
lrzdgjmjsl
$
$
scnfopiced
lrzdgjmjsl
vwfdukainw
$
vejtjjrwjd
oymyphquoc
jgjxkelkww
ggbzyxuomq
$
no
$
no
$
vgexbkymth
adtcrnexju
vdidajhnro
$
$
oymyphquoc
$
no
$
mrpkzleqgn
$
kuqdlylcmx
rvcmwtsxtx
ydusfquten
$
no
$
mtdtgdshzg
hratvzjplq
vdidajhnro
adtcrnexju
$
oymyphquoc
$
mrpkzleqgn
$
$
$
no
$
no
$
$
no
$
$
no
$
jgjxkelkww
$
$
$
pxikvrbzjn
kfrdedtavb
$
ywfqcfytsg
qcjvcokeoz
$
pxikvrbzjn
turostqdwa
mngclfyvky
ofwpdhihml
$
no
$
$
lxzddmjeja
mjcrjfihwi
turostqdwa
mngclfyvky
$
$
no
$
obiejdvfjk
kuhkzijwdp
$
jmrfkismlf
ciphuxppij
$
$
no
$
no
$
no
$
no
$
vrddykovsq
kuqdlylcmx
iaubntvzzp
vejtjjrwjd
$
ljggsjcsjn
$
$
no
$
crxacpdxnx
eskvnwcmob
fdnerumsdo
sapvroavrw
vgexbkymth
$
no
$
no
$
$
vgexbkymth
mnajqqdraz
turostqdwa
$
bumdopuvfg
ifgnzppmfn
hnykrfjbxf
vgexbkymth
$
no
$
no
$
kqsvpqngxv
lrzdgjmjsl
rueljspotm
mrpkzleqgn
wlbonolvdb
$
no
$
rueljspotm
rvcmwtsxtx
jzpiuekzfe
mgpnbaaohq
$
yes
$
no
$
no
$
$
rvxsfwmipo
vsxwiqeosc
jgjxkelkww
adwhplqhve
$
$
no
$
no
$
no
$
$
vwfdukainw
jyydhefpqd
ykswwdhxah
vrddykovsq
$
no
$
$
vrddykovsq
unxkixbslb
yjwqcpjkur
olgaaenmlv
$
kuqdlylcmx
nzuvaituek
jmrfkismlf
$
no
$
ebbaocutqf
hnykrfjbxf
ifgnzppmfn
bumdopuvfg
ddtiavnthy
$
unxkixbslb
juhhceqymh
ywfqcfytsg
kqsvpqngxv
$
ofwpdhihml
kuhkzijwdp
$
$
no
$
ljggsjcsjn
cfqnoymslz
gerltzgkcu
drylglfeib
$
no
$
dnmwvthqqy
guiiaofvph
oymyphquoc
jhypaovaqd
$
mrpkzleqgn
rueljspotm
lrzdgjmjsl
$
$
qzsefvluop
$
jzpiuekzfe
$
$
$
$
kuhkzijwdp
ofwpdhihml
ruhpgibunv
$
$
$
pcvxzvyiwz
vdidajhnro
jzpiuekzfe
oymyphquoc
$
zgatokffcd
pcvxzvyiwz
mjcrjfihwi
lrzdgjmjsl
$
$
$
zdatfopvua
$
no
$
mtadgdqbqq
drylglfeib
eqljpjmons
zgatokffcd
$
no
$
$
0
$
no
$
wmegvilxsc
$
no
$
rlbjpvxznv
vejtjjrwjd
$
no
$
no
$
mgqzxzgxmi
unxkixbslb
mgpnbaaohq
ljggsjcsjn
$
kuqdlylcmx
rvcmwtsxtx
ifgnzppmfn
$
$
oymyphquoc
$
kqsvpqngxv
ywfqcfytsg
vqocxqwgge
kqpyhyndtw
$
$
vrddykovsq
pczoiyrdjk
ocvnmdqixq
$
mtadgdqbqq
mgpnbaaohq
$
ftllhssgca
rppijgmjwa
$
no
$
mnajqqdraz
jssumlgamd
drylglfeib
eqljpjmons
$
teheqglkmq
$
lrzdgjmjsl
hratvzjplq
mtdtgdshzg
$
rueljspotm
ciphuxppij
teheqglkmq
mgmehoqvhg
$
kgqvcjonok
iaubntvzzp
lhfacbibfb
fdnerumsdo
$
$
no
$
no
$
unxkixbslb
$
cfqnoymslz
$
$
rlbjpvxznv
ywfqcfytsg
ydusfquten
mtdtgdshzg
$
no
$
vrddykovsq
vqocxqwgge
ywfqcfytsg
rppijgmjwa
$
no
$
tcipkopzol
ydusfquten
rvcmwtsxtx
ifgnzppmfn
$
qzsefvluop
yjwqcpjkur
fdnerumsdo
obiejdvfjk
$
jyydhefpqd
tcipkopzol
$
hweaztyvon
scnfopiced
lrzdgjmjsl
$
nirwidlimm
brzkwrokab
bumdopuvfg
uysnorvjbk
$
$
wvhlelpywf
ocvnmdqixq
gadidqzclh
scnfopiced
$
$
xfgemylyql
ifgnzppmfn
bumdopuvfg
ddtiavnthy
$
ftllhssgca
$
lhfacbibfb
guiiaofvph
jyydhefpqd
ebbaocutqf
$
$
$
unxkixbslb
ruhpgibunv
hzsqemykdz
$
mtdtgdshzg
nzuvaituek
vsxwiqeosc
$
no
$
mtadgdqbqq
$
no
$
$
hnykrfjbxf
ifgnzppmfn
bumdopuvfg
mrpkzleqgn
xhgewnxjtx
$
no
$
no
$
no
$
no
$
$
no
$
dnmwvthqqy
$
xfgemylyql
xunmzdmegh
lrzdgjmjsl
hratvzjplq
hweaztyvon
$
lrzdgjmjsl
mjcrjfihwi
turostqdwa
$
ftllhssgca
rvxsfwmipo
fdnerumsdo
$
no
$
no
$
no
$
no
$
$
$
no
$
$
$
hzsqemykdz
ftllhssgca
rvxsfwmipo
pczoiyrdjk
$
$
$
jssumlgamd
lyezbhudee
vrddykovsq
$
drylglfeib
gerltzgkcu
ywfqcfytsg
rlbjpvxznv
tpfzjqtylf
$
sapvroavrw
yeeweyupsq
wvhlelpywf
teheqglkmq
$
no
$
no
$
jyydhefpqd
gerltzgkcu
$
$
vsxwiqeosc
$
$
mrpkzleqgn
vwfdukainw
$
xokzmtuwqs
$
no
$
$
$
ydusfquten
tcipkopzol
$
no
$
no
$
pczoiyrdjk
cfqnoymslz
fuxzqumavz
$
mrpkzleqgn
brzkwrokab
$
pcvxzvyiwz
$
zyuoieaqyz
kgqvcjonok
iaubntvzzp
$
drylglfeib
gerltzgkcu
vqocxqwgge
kqpyhyndtw
$
no
$
no
$
oymyphquoc
$
no
$
no
$
$
$
mngclfyvky
jgjxkelkww
vsxwiqeosc
unxkixbslb
$
ohkfskxjpj
yjbhtxactv
acsznofylz
ofwpdhihml
$
$
$
kqpyhyndtw
wepemsmcws
ocvnmdqixq
$
crxacpdxnx
eskvnwcmob
vqocxqwgge
twzubqldnj
mjcrjfihwi
$
dnmwvthqqy
$
kuqdlylcmx
vrddykovsq
$
no
$
jzpiuekzfe
$
vrzhozyrwn
hvpvegoste
dnmwvthqqy
fnqqsquirm
$
no
$
$
rppijgmjwa
ywfqcfytsg
rlbjpvxznv
tpfzjqtylf
$
no
$
$
mtdtgdshzg
uysnorvjbk
acsznofylz
fdnerumsdo
$
$
no
$
hnykrfjbxf
jmrfkismlf
nzuvaituek
$
$
jzpiuekzfe
ljggsjcsjn
cfqnoymslz
kqpyhyndtw
$
crxacpdxnx
eskvnwcmob
wmegvilxsc
yjwqcpjkur
olgaaenmlv
$
$
no
$
fdnerumsdo
acsznofylz
mrpkzleqgn
lyezbhudee
$
no
$
no
$
pxikvrbzjn
turostqdwa
xpqxmixydb
gsshopjnzv
tlrratnrps
$
$
no
$
$
$
cfqnoymslz
$
no
$
zdatfopvua
lrzdgjmjsl
gsshopjnzv
eskvnwcmob
crxacpdxnx
$
brzkwrokab
xhgewnxjtx
teheqglkmq
ljggsjcsjn
zgatokffcd
$
$
yeeweyupsq
$
$
$
$
mnajqqdraz
rueljspotm
ciphuxppij
$
mrpkzleqgn
acsznofylz
$
$
hnykrfjbxf
vgexbkymth
adtcrnexju
$
qoulsjaoov
jyydhefpqd
ykswwdhxah
$
lhfacbibfb
guiiaofvph
dnmwvthqqy
gerltzgkcu
$
no
$
no
$
$
$
no
$
yes
$
no
$
oymyphquoc
$
no
$
kuqdlylcmx
$
no
$
jhypaovaqd
bumdopuvfg
ywfqcfytsg
juhhceqymh
rfwihapwlj
$
no
$
gsshopjnzv
lrzdgjmjsl
ocvnmdqixq
pczoiyrdjk
$
ydusfquten
$
$
$
wlbonolvdb
mrpkzleqgn
acsznofylz
vqocxqwgge
$
mjcrjfihwi
$
xhgewnxjtx
bumdopuvfg
$
eqljpjmons
$
rueljspotm
$
mtadgdqbqq
$
no
$
no
$
no
$
no
$
yes
$
$
no
$
no
$
no
$
no
$
$
turostqdwa
$
xokzmtuwqs
ocvnmdqixq
ykswwdhxah
$
vxbwvpgwov
rvxsfwmipo
zdatfopvua
jkpywwavvl
$
kuhkzijwdp
hratvzjplq
$
no
$
$
xhgewnxjtx
ydusfquten
tcipkopzol
eqljpjmons
$
no
$
$
$
no
$
no
$
no
$
no
$
no
$
iaubntvzzp
$
tlolvioiyv
rlbjpvxznv
fuxzqumavz
$
$
no
$
$
$
hvpvegoste
dnmwvthqqy
vgexbkymth
sapvroavrw
$
no
$
no
$
no
$
dnmwvthqqy
$
$
ohkfskxjpj
mtadgdqbqq
vdidajhnro
iaubntvzzp
tpfzjqtylf
$
no
$
$
qoulsjaoov
utdjalhhfg
ocvnmdqixq
gadidqzclh
$
yxkpnriukn
mnajqqdraz
rueljspotm
lrzdgjmjsl
kqsvpqngxv
$
zyuoieaqyz
mrpkzleqgn
acsznofylz
$
obiejdvfjk
jgjxkelkww
$
no
$
no
$
$
hzsqemykdz
ruhpgibunv
qzsefvluop
qcjvcokeoz
$
utdjalhhfg
ciphuxppij
gerltzgkcu
drylglfeib
$
$
eqljpjmons
vqocxqwgge
kqpyhyndtw
teheqglkmq
mgmehoqvhg
$
no
$
$
xokzmtuwqs
ocvnmdqixq
ciphuxppij
teheqglkmq
$
no
$
no
$
no
$
guiiaofvph
rueljspotm
ciphuxppij
$
no
$
mngclfyvky
kuqdlylcmx
zdatfopvua
pfsdqvtobc
$
no
$
vejtjjrwjd
ocvnmdqixq
ykswwdhxah
$
no
$
mngclfyvky
turostqdwa
pxikvrbzjn
kfrdedtavb
$
hratvzjplq
mtdtgdshzg
nzuvaituek
ddtiavnthy
$
$
no
$
no
$
$
$
no
$
vqocxqwgge
$
no
$
$
no
$
jyydhefpqd
$
no
$
0
$
$
no
$
unxkixbslb
vxbwvpgwov
ohkfskxjpj
mgmehoqvhg
$
no
$
no
$
no
$
hnykrfjbxf
ebbaocutqf
jyydhefpqd
vwfdukainw
$
hzsqemykdz
guiiaofvph
acsznofylz
vqocxqwgge
$
pcvxzvyiwz
vqocxqwgge
eskvnwcmob
wmegvilxsc
$
drylglfeib
jssumlgamd
wepemsmcws
$
no
$
no
$
$
fdnerumsdo
ywfqcfytsg
ydusfquten
teheqglkmq
mgmehoqvhg
$
no
$
$
aslktclrdt
xunmzdmegh
lrzdgjmjsl
$
vdidajhnro
$
no
$
no
$
$
wepemsmcws
ocvnmdqixq
pczoiyrdjk
$
$
$
kqpyhyndtw
wepemsmcws
ocvnmdqixq
$
$
mjcrjfihwi
lrzdgjmjsl
xunmzdmegh
xfgemylyql
$
$
no
$
brzkwrokab
jyydhefpqd
rfwihapwlj
utdjalhhfg
$
rvcmwtsxtx
$
no
$
unxkixbslb
nzuvaituek
jmrfkismlf
ggbzyxuomq
$
$
no
$
no
$
unxkixbslb
mgqzxzgxmi
bumdopuvfg
jhypaovaqd
$
$
$
no
$
yes
$
$
$
fuxzqumavz
aslktclrdt
juhhceqymh
unxkixbslb
$
no
$
$
ebbaocutqf
eqljpjmons
vqocxqwgge
eskvnwcmob
crxacpdxnx
$
no
$
mngclfyvky
jgjxkelkww
adwhplqhve
yjbhtxactv
$
no
$
no
$
nzuvaituek
kuqdlylcmx
mngclfyvky
$
no
$
jgjxkelkww
adwhplqhve
ocvnmdqixq
gadidqzclh
$
