$
sdezcavgdy
qofwqjwamj
ozthnsdory
rvgbkvytgp
tthgvypkcx
$
cfayjydmur
esemdoqbke
wgfqrkmxzg
$
no
$
no
$
$
no
$
idckwhelck
tdfsegucdj
wxgpefguzs
cfayjydmur
dxfutnhemq
$
no
$
bvsdcvnndr
owodvvqpxx
erifpyhqec
rmurahogoi
$
$
no
$
no
$
lrwdhjcwao
njczvpleyz
bnjrhmtvyo
lfkzmowiew
nachfpbdec
$
no
$
xmvfyjhmks
hlziigjtep
fctnnnzenp
vszujgdbnh
$
no
$
no
$
foqvuuymxx
wnfvmenlvx
brfglpkoxk
ekgijqoebo
oaylskertl
$
$
no
$
no
$
no
$
zrvtwxwjqa
rocefkpbdn
rebjypnbxb
njzsrsupde
$
no
$
no
$
$
ocfkzryltk
weykvklict
hevjmgsdlr
tpvbbxtehb
jfjnuwysrs
$
yprigjplev
equgtltnke
yttaixmhhz
uceezlmcam
yaahwcylgq
$
$
kswfvwodnh
mpaatoiyrz
phuxeytywg
vagrezllgc
$
wgfqrkmxzg
esemdoqbke
cfayjydmur
tsatrvvfsy
hevjmgsdlr
rzinwpiffy
$
no
$
$
$
pztizgeoag
cfkgkedoal
kswfvwodnh
yetvizqbhc
cytxjdnxwf
ocfkzryltk
oaylskertl
$
vuvduakdrt
$
no
$
no
$
no
$
no
$
no
$
xmvfyjhmks
tsatrvvfsy
anxrffdpgp
cytxjdnxwf
yetvizqbhc
zfjrcvoiiw
$
$
no
$
amfekgympv
cfayjydmur
yttaixmhhz
juencgjxcc
njzsrsupde
$
altiupgddx
xfzkseesqb
bnjrhmtvyo
brfglpkoxk
wgmwmlkuyl
$
$
$
no
$
vszujgdbnh
$
no
$
$
$
no
$
$
$
no
$
no
$
no
$
yes
$
no
$
$
no
$
yes
$
no
$
$
vuvduakdrt
qmbhyksmsi
ipwbzlmgpp
uceezlmcam
yaahwcylgq
$
fctnnnzenp
aqazcklnxd
kswfvwodnh
njczvpleyz
lrwdhjcwao
qswoykteow
$
$
pztizgeoag
cfkgkedoal
kswfvwodnh
njczvpleyz
zptctdxrif
$
cfkgkedoal
kswfvwodnh
njczvpleyz
zptctdxrif
$
no
$
no
$
no
$
zptctdxrif
wxgpefguzs
tdfsegucdj
zwoxupdajv
puxgpyargh
mvzzypdjcz
$
aqazcklnxd
iiyvogbodw
tsatrvvfsy
lffjaetfqi
$
no
$
no
$
no
$
610
$
yes
$
no
$
$
$
gvytmhkumj
ocfkzryltk
cytxjdnxwf
yprigjplev
eskkqcypdi
$
no
$
$
qmbhyksmsi
zwoxupdajv
puxgpyargh
mvzzypdjcz
$
oaylskertl
ocfkzryltk
weykvklict
hevjmgsdlr
rzinwpiffy
fctnnnzenp
$
$
no
$
$
no
$
no
$
jfjnuwysrs
urkchgfoxs
eqpsfqforp
lfkzmowiew
$
no
$
no
$
$
no
$
$
no
$
qofwqjwamj
$
no
$
yttaixmhhz
equgtltnke
yetvizqbhc
cytxjdnxwf
bjrfeyvqsi
$
$
no
$
ifhgmchnja
ngpwrlodgk
xfzkseesqb
vuvduakdrt
lkbvqsdyli
$
no
$
no
$
no
$
yes
$
ietomhtkan
qmaoeosrfs
iiyvogbodw
aqazcklnxd
$
$
$
ehapsrfnih
lkbvqsdyli
vuvduakdrt
xfzkseesqb
$
rvgbkvytgp
lkbvqsdyli
mpaatoiyrz
kswfvwodnh
njczvpleyz
zptctdxrif
hjysqhpzww
$
$
no
$
no
$
$
no
$
$
$
no
$
no
$
610
$
no
$
rzinwpiffy
rnntvuuhfq
bnjrhmtvyo
njczvpleyz
$
no
$
no
$
$
no
$
$
gvlzdhefwv
wnfvmenlvx
hlziigjtep
xmvfyjhmks
$
$
gvytmhkumj
bnjrhmtvyo
kkfidndlfk
erifpyhqec
$
ocfkzryltk
weykvklict
hevjmgsdlr
$
lffjaetfqi
gtxyirezvp
lixkmctwaf
gwtzbhwgcg
bxflpslbno
$
$
$
ehapsrfnih
lkbvqsdyli
vuvduakdrt
qmbhyksmsi
vjgyvscvhi
ceruhnmpms
$
$
zwoxupdajv
$
no
$
no
$
no
$
no
$
no
$
qwzkphfzhq
ceruhnmpms
tdfsegucdj
zwoxupdajv
$
$
$
bnjrhmtvyo
$
$
$
aqazcklnxd
iiyvogbodw
cfayjydmur
$
no
$
no
$
no
$
no
$
zwoxupdajv
qmbhyksmsi
vjgyvscvhi
$
$
yetvizqbhc
kswfvwodnh
cfkgkedoal
lfkzmowiew
nachfpbdec
$
qofwqjwamj
sdezcavgdy
rocefkpbdn
rebjypnbxb
$
$
rnntvuuhfq
rzinwpiffy
$
no
$
aikpxhjxsn
wnfvmenlvx
hlziigjtep
xmvfyjhmks
$
gvlzdhefwv
phuxeytywg
mpaatoiyrz
rebjypnbxb
qwzkphfzhq
$
$
no
$
no
$
no
$
$
$
qmbhyksmsi
brfglpkoxk
fhreusgavs
zptctdxrif
hjysqhpzww
$
$
no
$
no
$
$
$
$
no
$
no
$
no
$
$
ngpwrlodgk
xfzkseesqb
bnjrhmtvyo
kkfidndlfk
erifpyhqec
$
fhreusgavs
brfglpkoxk
owodvvqpxx
erifpyhqec
rmurahogoi
$
cfayjydmur
$
no
$
$
$
no
$
$
no
$
wnfvmenlvx
$
no
$
no
$
wgfqrkmxzg
esemdoqbke
cfayjydmur
iiyvogbodw
qmaoeosrfs
ietomhtkan
ikfvnbhkgu
$
yes
$
$
$
dxfutnhemq
njczvpleyz
bnjrhmtvyo
brfglpkoxk
ekgijqoebo
$
no
$
no
$
pztizgeoag
cfkgkedoal
cfayjydmur
ngpwrlodgk
ifhgmchnja
fugldrvwli
$
aqazcklnxd
fctnnnzenp
hlziigjtep
wnfvmenlvx
aikpxhjxsn
$
no
$
$
no
$
$
no
$
no
$
rvgbkvytgp
lkbvqsdyli
vuvduakdrt
xfzkseesqb
ngpwrlodgk
ifhgmchnja
$
no
$
$
no
$
qswoykteow
lrwdhjcwao
njczvpleyz
bnjrhmtvyo
brfglpkoxk
wnfvmenlvx
$
no
$
altiupgddx
xfzkseesqb
bnjrhmtvyo
njczvpleyz
zptctdxrif
hjysqhpzww
$
no
$
puxgpyargh
kgqcxrwvxv
wgmwmlkuyl
amfekgympv
cfayjydmur
esemdoqbke
wgfqrkmxzg
$
no
$
$
no
$
no
$
vuvduakdrt
$
no
$
rmurahogoi
yetvizqbhc
ipwbzlmgpp
qmbhyksmsi
zwoxupdajv
hegckizvvr
$
idckwhelck
$
esentpzuzg
lkbvqsdyli
vuvduakdrt
xfzkseesqb
ngpwrlodgk
ifhgmchnja
$
no
$
brfglpkoxk
wnfvmenlvx
hlziigjtep
ozthnsdory
$
no
$
no
$
zptctdxrif
wxgpefguzs
tdfsegucdj
ceruhnmpms
qwzkphfzhq
$
idckwhelck
tdfsegucdj
zwoxupdajv
puxgpyargh
kgqcxrwvxv
$
no
$
$
rnntvuuhfq
bnjrhmtvyo
njczvpleyz
zptctdxrif
hjysqhpzww
$
$
no
$
bvsdcvnndr
owodvvqpxx
qmbhyksmsi
ipwbzlmgpp
$
no
$
equgtltnke
yetvizqbhc
cytxjdnxwf
qoalujkeja
$
$
no
$
tpvbbxtehb
$
no
$
$
vuvduakdrt
$
